========================================
Errors for Sample: 25CR5865
========================================
GetCDS: No homologous sequence found in 25CR5865 for protein NA. Skipping.
GetCDS: 25CR5865 PB2 ignored. Bad read with >50.0% Ns.
GetCDS: 25CR5865 PB1 ignored. Bad read with >50.0% Ns.
GetCDS: 25CR5865 PB1-F2 ignored. Bad read with >50.0% Ns.
GetCDS: 25CR5865 NP ignored. Bad read with >50.0% Ns.
GenotypingResults: CHANGELOG.md not found for dataset nextclade_H7_dataset, cannot extract version.
WARNING: Marker file not found for protein PA-X: PA-X_markers.csv

========================================
Errors for Sample: 25CR6229
========================================
OrganizeBySample: No records found for sample 25CR6229 segment NA, skipping.
OrganizeBySample: No records found for sample 25CR6229 segment PA, skipping.
SubtypeDetection: Missing N for 25CR6229
GetCDS: 25CR6229 HA1 ignored. Bad read with >50.0% Ns.
GetCDS: 25CR6229 HA2 ignored. Bad read with >50.0% Ns.
GetCDS: No valid FASTA found for sample 25CR6229 segment NA. Skipping all proteins for this segment.
GetCDS: 25CR6229 PB2 ignored. Bad read with >50.0% Ns.
GetCDS: 25CR6229 PB1 ignored. Bad read with >50.0% Ns.
GetCDS: 25CR6229 PB1-F2 ignored. Bad read with >50.0% Ns.
GetCDS: No valid FASTA found for sample 25CR6229 segment PA. Skipping all proteins for this segment.
GetCDS: 25CR6229 NP ignored. Bad read with >50.0% Ns.

========================================
Errors for Sample: 25CR5713
========================================
WARNING: Marker file not found for protein PA-X: PA-X_markers.csv

========================================
Errors for Sample: 24CR5076
========================================
OrganizeBySample: No records found for sample 24CR5076 segment NA, skipping.
OrganizeBySample: No records found for sample 24CR5076 segment PA, skipping.
OrganizeBySample: No records found for sample 24CR5076 segment MP, skipping.
SubtypeDetection: Missing N for 24CR5076
GetCDS: No valid FASTA found for sample 24CR5076 segment NA. Skipping all proteins for this segment.
GetCDS: 24CR5076 PB1 ignored. No real homology (Coverage: 41.3%, Identity: 85.2%).
GetCDS: 24CR5076 PB1-F2 ignored. No real homology (Coverage: 96.7%, Identity: 48.1%).
GetCDS: No valid FASTA found for sample 24CR5076 segment PA. Skipping all proteins for this segment.
GetCDS: No valid FASTA found for sample 24CR5076 segment MP. Skipping all proteins for this segment.

========================================
Errors for Sample: 24CR5236
========================================
OrganizeBySample: No records found for sample 24CR5236 segment PB2, skipping.
GetCDS: No valid FASTA found for sample 24CR5236 segment PB2. Skipping all proteins for this segment.
WARNING: Marker file not found for protein PA-X: PA-X_markers.csv

========================================
Errors for Sample: 24CR5067
========================================
GetCDS: No homologous sequence found in 24CR5067 for protein NA. Skipping.
GetCDS: No homologous sequence found in 24CR5067 for protein PA-X. Skipping.

========================================
Errors for Sample: 25CR5714
========================================
WARNING: Marker file not found for protein PA-X: PA-X_markers.csv

========================================
Errors for Sample: 25CR6084
========================================
WARNING: Marker file not found for protein PA-X: PA-X_markers.csv

========================================
Errors for Sample: 24CR5197
========================================
WARNING: Marker file not found for protein PA-X: PA-X_markers.csv

========================================
Errors for Sample: 25CR5659
========================================
WARNING: Marker file not found for protein PA-X: PA-X_markers.csv

========================================
Errors for Sample: 25CR5923
========================================
WARNING: Marker file not found for protein PA-X: PA-X_markers.csv

========================================
Errors for Sample: 25CR5922
========================================
WARNING: Marker file not found for protein PA-X: PA-X_markers.csv

========================================
Errors for Sample: 25CR5363
========================================
WARNING: Marker file not found for protein PA-X: PA-X_markers.csv

========================================
Errors for Sample: 25CR6062
========================================
WARNING: Marker file not found for protein PA-X: PA-X_markers.csv

========================================
Errors for Sample: 24CR5124
========================================
OrganizeBySample: No records found for sample 24CR5124 segment PB2, skipping.
GetCDS: No valid FASTA found for sample 24CR5124 segment PB2. Skipping all proteins for this segment.
WARNING: Marker file not found for protein PA-X: PA-X_markers.csv

========================================
Errors for Sample: 25CR6244
========================================
OrganizeBySample: No records found for sample 25CR6244 segment NA, skipping.
OrganizeBySample: No records found for sample 25CR6244 segment PA, skipping.
SubtypeDetection: Missing N for 25CR6244
GetCDS: No valid FASTA found for sample 25CR6244 segment NA. Skipping all proteins for this segment.
GetCDS: 25CR6244 PB2 ignored. Bad read with >50.0% Ns.
GetCDS: 25CR6244 PB1 ignored. Bad read with >50.0% Ns.
GetCDS: 25CR6244 PB1-F2 ignored. Bad read with >50.0% Ns.
GetCDS: No valid FASTA found for sample 25CR6244 segment PA. Skipping all proteins for this segment.
GetCDS: 25CR6244 M1 ignored. Bad read with >50.0% Ns.
GetCDS: 25CR6244 M2 ignored. Bad read with >50.0% Ns.

========================================
Errors for Sample: 25CR5413
========================================
OrganizeBySample: No records found for sample 25CR5413 segment PB1, skipping.
OrganizeBySample: No records found for sample 25CR5413 segment PA, skipping.
GetCDS: No valid FASTA found for sample 25CR5413 segment PB1. Skipping all proteins for this segment.
GetCDS: No valid FASTA found for sample 25CR5413 segment PA. Skipping all proteins for this segment.

========================================
Errors for Sample: 25CR5715
========================================
WARNING: Marker file not found for protein PA-X: PA-X_markers.csv

========================================
Errors for Sample: 25CR5824
========================================
WARNING: Marker file not found for protein PA-X: PA-X_markers.csv

========================================
Errors for Sample: 25CR6193
========================================
OrganizeBySample: No records found for sample 25CR6193 segment NA, skipping.
SubtypeDetection: Missing N for 25CR6193
GetCDS: No valid FASTA found for sample 25CR6193 segment NA. Skipping all proteins for this segment.
GetCDS: 25CR6193 PB1 ignored. Bad read with >50.0% Ns.
GetCDS: No homologous sequence found in 25CR6193 for protein PB1-F2. Skipping.
GetCDS: 25CR6193 PA ignored. Bad read with >50.0% Ns.
GetCDS: No homologous sequence found in 25CR6193 for protein PA-X. Skipping.
GetCDS: 25CR6193 NP ignored. Bad read with >50.0% Ns.
GenotypingResults: CHANGELOG.md not found for dataset nextclade_H9_dataset, cannot extract version.

========================================
Errors for Sample: 24CR5247
========================================
OrganizeBySample: No records found for sample 24CR5247 segment NS, skipping.
GetCDS: No valid FASTA found for sample 24CR5247 segment NS. Skipping all proteins for this segment.
WARNING: Marker file not found for protein PA-X: PA-X_markers.csv

